<?xml version="1.0" encoding="UTF-8"?>
<testng-results ignored="0" total="1" passed="1" failed="0" skipped="0">
  <reporter-output>
  </reporter-output>
  <suite started-at="2024-08-29T13:13:23 IST" name="Default suite" finished-at="2024-08-29T13:13:29 IST" duration-ms="6587">
    <groups>
    </groups>
    <test started-at="2024-08-29T13:13:23 IST" name="Default test" finished-at="2024-08-29T13:13:29 IST" duration-ms="6587">
      <class name="Way2CreateRequestBody.CreateRequestBody">
        <test-method signature="usingHashMap()[pri:0, instance:Way2CreateRequestBody.CreateRequestBody@292d1c71]" started-at="2024-08-29T13:13:23 IST" name="usingHashMap" finished-at="2024-08-29T13:13:29 IST" duration-ms="6434" status="PASS">
          <reporter-output>
          </reporter-output>
        </test-method> <!-- usingHashMap -->
      </class> <!-- Way2CreateRequestBody.CreateRequestBody -->
    </test> <!-- Default test -->
  </suite> <!-- Default suite -->
</testng-results>
